[debug] [2024-04-23T16:54:34.589Z] ----------------------------------------------------------------------
[debug] [2024-04-23T16:54:34.591Z] Command:       C:\Program Files\nodejs\node.exe E:\cedt\SE\githubaction\GithubDemo\node_modules\firebase-tools\lib\bin\firebase.js emulators:start
[debug] [2024-04-23T16:54:34.592Z] CLI Version:   13.7.3
[debug] [2024-04-23T16:54:34.592Z] Platform:      win32
[debug] [2024-04-23T16:54:34.592Z] Node Version:  v20.6.1
[debug] [2024-04-23T16:54:34.592Z] Time:          Tue Apr 23 2024 23:54:34 GMT+0700 (Indochina Time)
[debug] [2024-04-23T16:54:34.592Z] ----------------------------------------------------------------------
[debug] 
[debug] [2024-04-23T16:54:34.669Z] > command requires scopes: ["email","openid","https://www.googleapis.com/auth/cloudplatformprojects.readonly","https://www.googleapis.com/auth/firebase","https://www.googleapis.com/auth/cloud-platform"]
[debug] [2024-04-23T16:54:34.669Z] > authorizing via signed-in user (chanaya2548@gmail.com)
[info] i  emulators: Starting emulators: hosting {"metadata":{"emulator":{"name":"hub"},"message":"Starting emulators: hosting"}}
[debug] [2024-04-23T16:54:34.678Z] [logging] Logging Emulator only supports listening on one address (127.0.0.1). Not listening on ::1
[debug] [2024-04-23T16:54:34.678Z] [hosting] Hosting Emulator only supports listening on one address (127.0.0.1). Not listening on ::1
[debug] [2024-04-23T16:54:34.679Z] assigned listening specs for emulators {"user":{"hub":[{"address":"127.0.0.1","family":"IPv4","port":4400},{"address":"::1","family":"IPv6","port":4400}],"logging":[{"address":"127.0.0.1","family":"IPv4","port":4500}],"hosting":[{"address":"127.0.0.1","family":"IPv4","port":9999}]},"metadata":{"message":"assigned listening specs for emulators"}}
[debug] [2024-04-23T16:54:34.683Z] [hub] writing locator at C:\Users\chana\AppData\Local\Temp\hub-clcd1-a586f.json
[debug] [2024-04-23T16:54:34.696Z] > refreshing access token with scopes: []
[debug] [2024-04-23T16:54:34.697Z] >>> [apiv2][query] POST https://www.googleapis.com/oauth2/v3/token [none]
[debug] [2024-04-23T16:54:34.697Z] >>> [apiv2][body] POST https://www.googleapis.com/oauth2/v3/token [omitted]
[debug] [2024-04-23T16:54:34.867Z] <<< [apiv2][status] POST https://www.googleapis.com/oauth2/v3/token 200
[debug] [2024-04-23T16:54:34.867Z] <<< [apiv2][body] POST https://www.googleapis.com/oauth2/v3/token [omitted]
[debug] [2024-04-23T16:54:34.873Z] >>> [apiv2][query] GET https://firebasehosting.googleapis.com/v1beta1/projects/clcd1-a586f/sites 
[debug] [2024-04-23T16:54:35.687Z] <<< [apiv2][status] GET https://firebasehosting.googleapis.com/v1beta1/projects/clcd1-a586f/sites 200
[debug] [2024-04-23T16:54:35.687Z] <<< [apiv2][body] GET https://firebasehosting.googleapis.com/v1beta1/projects/clcd1-a586f/sites {"sites":[{"name":"projects/clcd1-a586f/sites/clcd1-a586f","defaultUrl":"https://clcd1-a586f.web.app","type":"DEFAULT_SITE"}]}
[debug] [2024-04-23T16:54:35.687Z] >>> [apiv2][query] GET https://firebase.googleapis.com/v1beta1/projects/clcd1-a586f/webApps/-/config [none]
[debug] [2024-04-23T16:54:36.514Z] <<< [apiv2][status] GET https://firebase.googleapis.com/v1beta1/projects/clcd1-a586f/webApps/-/config 200
[debug] [2024-04-23T16:54:36.514Z] <<< [apiv2][body] GET https://firebase.googleapis.com/v1beta1/projects/clcd1-a586f/webApps/-/config {"projectId":"clcd1-a586f","storageBucket":"clcd1-a586f.appspot.com","apiKey":"AIzaSyC9XSAu1UtO1knPtQVDI06Xw3vf_XVzWR0","authDomain":"clcd1-a586f.firebaseapp.com","messagingSenderId":"488440513192"}
[debug] [2024-04-23T16:54:36.518Z] >>> [apiv2][query] GET https://firebase.googleapis.com/v1beta1/projects/clcd1-a586f [none]
[debug] [2024-04-23T16:54:37.013Z] <<< [apiv2][status] GET https://firebase.googleapis.com/v1beta1/projects/clcd1-a586f 200
[debug] [2024-04-23T16:54:37.013Z] <<< [apiv2][body] GET https://firebase.googleapis.com/v1beta1/projects/clcd1-a586f {"projectId":"clcd1-a586f","projectNumber":"488440513192","displayName":"CLCD1","name":"projects/clcd1-a586f","resources":{"hostingSite":"clcd1-a586f"},"state":"ACTIVE","etag":"1_5fdaf802-6b58-4958-be7f-d640e1ff4937"}
[info] i  hosting[clcd1-a586f]: Serving hosting files from: public {"metadata":{"emulator":{"name":"hosting"},"message":"Serving hosting files from: \u001b[1mpublic\u001b[22m"}}
[info] +  hosting[clcd1-a586f]: Local server: http://127.0.0.1:9999 {"metadata":{"emulator":{"name":"hosting"},"message":"Local server: \u001b[4m\u001b[1mhttp://127.0.0.1:9999\u001b[22m\u001b[24m"}}
[warn] !  emulators: The Emulator UI is not starting, either because none of the running emulators have a UI component or the Emulator UI cannot determine the Project ID. Pass the --project flag to specify a project. {"metadata":{"emulator":{"name":"hub"},"message":"The Emulator UI is not starting, either because none of the running emulators have a UI component or the Emulator UI cannot determine the Project ID. Pass the --project flag to specify a project."}}
[info] 
┌─────────────────────────────────────────────────────────────┐
│ ✔  All emulators ready! It is now safe to connect your app. │
└─────────────────────────────────────────────────────────────┘

┌──────────┬────────────────┐
│ Emulator │ Host:Port      │
├──────────┼────────────────┤
│ Hosting  │ 127.0.0.1:9999 │
└──────────┴────────────────┘
  Emulator Hub running at 127.0.0.1:4400
  Other reserved ports: 4500

Issues? Report them at https://github.com/firebase/firebase-tools/issues and attach the *-debug.log files.
 
